[2024-06-14 15:47:35] JSON file read successfully.
[2024-06-14 15:47:35] JSON data decoded successfully.
[2024-06-14 15:47:35] Data filtered. Number of items: 391
[2024-06-14 15:47:35] Database statement prepared.
[2024-06-14 15:47:35] Transaction started.
[2024-06-14 15:47:35] SQL Error: SQLSTATE[23000]: Integrity constraint violation: 1062 Duplicate entry '44579' for key 'PRIMARY'
[2024-06-14 15:47:35] SQL Error: SQLSTATE[23000]: Integrity constraint violation: 1062 Duplicate entry '44617' for key 'PRIMARY'
[2024-06-14 15:47:35] SQL Error: SQLSTATE[01000]: Warning: 1265 Data truncated for column 'lineId' at row 1
[2024-06-14 15:47:35] SQL Error: SQLSTATE[23000]: Integrity constraint violation: 1062 Duplicate entry '42587' for key 'PRIMARY'
[2024-06-14 15:47:35] SQL Error: SQLSTATE[23000]: Integrity constraint violation: 1062 Duplicate entry '58718' for key 'PRIMARY'
[2024-06-14 15:47:35] SQL Error: SQLSTATE[01000]: Warning: 1265 Data truncated for column 'lineId' at row 1
[2024-06-14 15:47:35] SQL Error: SQLSTATE[23000]: Integrity constraint violation: 1062 Duplicate entry '44310' for key 'PRIMARY'
[2024-06-14 15:47:35] SQL Error: SQLSTATE[01000]: Warning: 1265 Data truncated for column 'lineId' at row 1
[2024-06-14 15:47:35] SQL Error: SQLSTATE[23000]: Integrity constraint violation: 1062 Duplicate entry '42237' for key 'PRIMARY'
[2024-06-14 15:47:35] SQL Error: SQLSTATE[23000]: Integrity constraint violation: 1062 Duplicate entry '44909' for key 'PRIMARY'
[2024-06-14 15:47:35] SQL Error: SQLSTATE[01000]: Warning: 1265 Data truncated for column 'lineId' at row 1
[2024-06-14 15:47:35] SQL Error: SQLSTATE[23000]: Integrity constraint violation: 1062 Duplicate entry '42587' for key 'PRIMARY'
[2024-06-14 15:47:35] SQL Error: SQLSTATE[23000]: Integrity constraint violation: 1062 Duplicate entry '44909' for key 'PRIMARY'
[2024-06-14 15:47:35] SQL Error: SQLSTATE[23000]: Integrity constraint violation: 1062 Duplicate entry '58759' for key 'PRIMARY'
[2024-06-14 15:47:35] SQL Error: SQLSTATE[23000]: Integrity constraint violation: 1062 Duplicate entry '44877' for key 'PRIMARY'
[2024-06-14 15:47:35] SQL Error: SQLSTATE[23000]: Integrity constraint violation: 1062 Duplicate entry '473875' for key 'PRIMARY'
[2024-06-14 15:47:35] SQL Error: SQLSTATE[01000]: Warning: 1265 Data truncated for column 'lineId' at row 1
[2024-06-14 15:47:35] SQL Error: SQLSTATE[23000]: Integrity constraint violation: 1062 Duplicate entry '42288' for key 'PRIMARY'
[2024-06-14 15:47:35] SQL Error: SQLSTATE[01000]: Warning: 1265 Data truncated for column 'lineId' at row 1
[2024-06-14 15:47:35] SQL Error: SQLSTATE[23000]: Integrity constraint violation: 1062 Duplicate entry '43493' for key 'PRIMARY'
[2024-06-14 15:47:35] SQL Error: SQLSTATE[23000]: Integrity constraint violation: 1062 Duplicate entry '44139' for key 'PRIMARY'
[2024-06-14 15:47:35] SQL Error: SQLSTATE[23000]: Integrity constraint violation: 1062 Duplicate entry '43511' for key 'PRIMARY'
[2024-06-14 15:47:35] SQL Error: SQLSTATE[23000]: Integrity constraint violation: 1062 Duplicate entry '42237' for key 'PRIMARY'
[2024-06-14 15:47:35] SQL Error: SQLSTATE[23000]: Integrity constraint violation: 1062 Duplicate entry '44617' for key 'PRIMARY'
[2024-06-14 15:47:35] SQL Error: SQLSTATE[23000]: Integrity constraint violation: 1062 Duplicate entry '44617' for key 'PRIMARY'
[2024-06-14 15:47:35] SQL Error: SQLSTATE[01000]: Warning: 1265 Data truncated for column 'lineId' at row 1
[2024-06-14 15:47:35] SQL Error: SQLSTATE[23000]: Integrity constraint violation: 1062 Duplicate entry '43138' for key 'PRIMARY'
[2024-06-14 15:47:35] SQL Error: SQLSTATE[23000]: Integrity constraint violation: 1062 Duplicate entry '470524' for key 'PRIMARY'
[2024-06-14 15:47:35] SQL Error: SQLSTATE[23000]: Integrity constraint violation: 1062 Duplicate entry '44962' for key 'PRIMARY'
[2024-06-14 15:47:35] SQL Error: SQLSTATE[23000]: Integrity constraint violation: 1062 Duplicate entry '42587' for key 'PRIMARY'
[2024-06-14 15:47:35] SQL Error: SQLSTATE[23000]: Integrity constraint violation: 1062 Duplicate entry '44901' for key 'PRIMARY'
[2024-06-14 15:47:35] SQL Error: SQLSTATE[23000]: Integrity constraint violation: 1062 Duplicate entry '473890' for key 'PRIMARY'
[2024-06-14 15:47:35] SQL Error: SQLSTATE[23000]: Integrity constraint violation: 1062 Duplicate entry '58718' for key 'PRIMARY'
[2024-06-14 15:47:35] SQL Error: SQLSTATE[23000]: Integrity constraint violation: 1062 Duplicate entry '473875' for key 'PRIMARY'
[2024-06-14 15:47:35] SQL Error: SQLSTATE[23000]: Integrity constraint violation: 1062 Duplicate entry '45676' for key 'PRIMARY'
[2024-06-14 15:47:35] SQL Error: SQLSTATE[01000]: Warning: 1265 Data truncated for column 'lineId' at row 1
[2024-06-14 15:47:35] SQL Error: SQLSTATE[01000]: Warning: 1265 Data truncated for column 'lineId' at row 1
[2024-06-14 15:47:35] SQL Error: SQLSTATE[23000]: Integrity constraint violation: 1062 Duplicate entry '44138' for key 'PRIMARY'
[2024-06-14 15:47:35] SQL Error: SQLSTATE[23000]: Integrity constraint violation: 1062 Duplicate entry '43898' for key 'PRIMARY'
[2024-06-14 15:47:35] SQL Error: SQLSTATE[23000]: Integrity constraint violation: 1062 Duplicate entry '44273' for key 'PRIMARY'
[2024-06-14 15:47:35] SQL Error: SQLSTATE[01000]: Warning: 1265 Data truncated for column 'lineId' at row 1
[2024-06-14 15:47:35] SQL Error: SQLSTATE[23000]: Integrity constraint violation: 1062 Duplicate entry '44372' for key 'PRIMARY'
[2024-06-14 15:47:35] SQL Error: SQLSTATE[23000]: Integrity constraint violation: 1062 Duplicate entry '44371' for key 'PRIMARY'
[2024-06-14 15:47:35] SQL Error: SQLSTATE[23000]: Integrity constraint violation: 1062 Duplicate entry '44828' for key 'PRIMARY'
[2024-06-14 15:47:35] SQL Error: SQLSTATE[01000]: Warning: 1265 Data truncated for column 'lineId' at row 1
[2024-06-14 15:47:35] SQL Error: SQLSTATE[23000]: Integrity constraint violation: 1062 Duplicate entry '44617' for key 'PRIMARY'
[2024-06-14 15:47:35] SQL Error: SQLSTATE[23000]: Integrity constraint violation: 1062 Duplicate entry '58728' for key 'PRIMARY'
[2024-06-14 15:47:35] SQL Error: SQLSTATE[23000]: Integrity constraint violation: 1062 Duplicate entry '58578' for key 'PRIMARY'
[2024-06-14 15:47:35] SQL Error: SQLSTATE[23000]: Integrity constraint violation: 1062 Duplicate entry '58578' for key 'PRIMARY'
[2024-06-14 15:47:35] SQL Error: SQLSTATE[23000]: Integrity constraint violation: 1062 Duplicate entry '42531' for key 'PRIMARY'
[2024-06-14 15:47:35] SQL Error: SQLSTATE[23000]: Integrity constraint violation: 1062 Duplicate entry '43969' for key 'PRIMARY'
[2024-06-14 15:47:35] SQL Error: SQLSTATE[23000]: Integrity constraint violation: 1062 Duplicate entry '42311' for key 'PRIMARY'
[2024-06-14 15:47:35] SQL Error: SQLSTATE[23000]: Integrity constraint violation: 1062 Duplicate entry '42589' for key 'PRIMARY'
[2024-06-14 15:47:35] SQL Error: SQLSTATE[23000]: Integrity constraint violation: 1062 Duplicate entry '43310' for key 'PRIMARY'
[2024-06-14 15:47:35] SQL Error: SQLSTATE[23000]: Integrity constraint violation: 1062 Duplicate entry '44345' for key 'PRIMARY'
[2024-06-14 15:47:35] SQL Error: SQLSTATE[23000]: Integrity constraint violation: 1062 Duplicate entry '45056' for key 'PRIMARY'
[2024-06-14 15:47:35] SQL Error: SQLSTATE[23000]: Integrity constraint violation: 1062 Duplicate entry '43026' for key 'PRIMARY'
[2024-06-14 15:47:35] SQL Error: SQLSTATE[23000]: Integrity constraint violation: 1062 Duplicate entry '470519' for key 'PRIMARY'
[2024-06-14 15:47:35] SQL Error: SQLSTATE[01000]: Warning: 1265 Data truncated for column 'lineId' at row 1
[2024-06-14 15:47:35] SQL Error: SQLSTATE[23000]: Integrity constraint violation: 1062 Duplicate entry '42230' for key 'PRIMARY'
[2024-06-14 15:47:35] SQL Error: SQLSTATE[23000]: Integrity constraint violation: 1062 Duplicate entry '42280' for key 'PRIMARY'
[2024-06-14 15:47:35] SQL Error: SQLSTATE[23000]: Integrity constraint violation: 1062 Duplicate entry '42288' for key 'PRIMARY'
[2024-06-14 15:47:35] SQL Error: SQLSTATE[23000]: Integrity constraint violation: 1062 Duplicate entry '45229' for key 'PRIMARY'
[2024-06-14 15:47:35] SQL Error: SQLSTATE[23000]: Integrity constraint violation: 1062 Duplicate entry '42587' for key 'PRIMARY'
[2024-06-14 15:47:35] SQL Error: SQLSTATE[23000]: Integrity constraint violation: 1062 Duplicate entry '45676' for key 'PRIMARY'
[2024-06-14 15:47:35] SQL Error: SQLSTATE[23000]: Integrity constraint violation: 1062 Duplicate entry '44075' for key 'PRIMARY'
[2024-06-14 15:47:35] SQL Error: SQLSTATE[23000]: Integrity constraint violation: 1062 Duplicate entry '43566' for key 'PRIMARY'
[2024-06-14 15:47:35] SQL Error: SQLSTATE[23000]: Integrity constraint violation: 1062 Duplicate entry '43898' for key 'PRIMARY'
[2024-06-14 15:47:35] SQL Error: SQLSTATE[23000]: Integrity constraint violation: 1062 Duplicate entry '44236' for key 'PRIMARY'
[2024-06-14 15:47:35] SQL Error: SQLSTATE[23000]: Integrity constraint violation: 1062 Duplicate entry '44371' for key 'PRIMARY'
[2024-06-14 15:47:35] SQL Error: SQLSTATE[23000]: Integrity constraint violation: 1062 Duplicate entry '45193' for key 'PRIMARY'
[2024-06-14 15:47:35] SQL Error: SQLSTATE[23000]: Integrity constraint violation: 1062 Duplicate entry '58716' for key 'PRIMARY'
[2024-06-14 15:47:35] SQL Error: SQLSTATE[23000]: Integrity constraint violation: 1062 Duplicate entry '45314' for key 'PRIMARY'
[2024-06-14 15:47:35] SQL Error: SQLSTATE[23000]: Integrity constraint violation: 1062 Duplicate entry '44600' for key 'PRIMARY'
[2024-06-14 15:47:35] SQL Error: SQLSTATE[23000]: Integrity constraint violation: 1062 Duplicate entry '44637' for key 'PRIMARY'
[2024-06-14 15:47:35] SQL Error: SQLSTATE[23000]: Integrity constraint violation: 1062 Duplicate entry '462374' for key 'PRIMARY'
[2024-06-14 15:47:35] SQL Error: SQLSTATE[23000]: Integrity constraint violation: 1062 Duplicate entry '43138' for key 'PRIMARY'
[2024-06-14 15:47:35] SQL Error: SQLSTATE[23000]: Integrity constraint violation: 1062 Duplicate entry '58578' for key 'PRIMARY'
[2024-06-14 15:47:35] SQL Error: SQLSTATE[23000]: Integrity constraint violation: 1062 Duplicate entry '42874' for key 'PRIMARY'
[2024-06-14 15:47:35] SQL Error: SQLSTATE[23000]: Integrity constraint violation: 1062 Duplicate entry '462352' for key 'PRIMARY'
[2024-06-14 15:47:35] SQL Error: SQLSTATE[23000]: Integrity constraint violation: 1062 Duplicate entry '43425' for key 'PRIMARY'
[2024-06-14 15:47:35] SQL Error: SQLSTATE[23000]: Integrity constraint violation: 1062 Duplicate entry '43566' for key 'PRIMARY'
[2024-06-14 15:47:35] SQL Error: SQLSTATE[23000]: Integrity constraint violation: 1062 Duplicate entry '44901' for key 'PRIMARY'
[2024-06-14 15:47:35] SQL Error: SQLSTATE[23000]: Integrity constraint violation: 1062 Duplicate entry '44642' for key 'PRIMARY'
[2024-06-14 15:47:35] SQL Error: SQLSTATE[23000]: Integrity constraint violation: 1062 Duplicate entry '45100' for key 'PRIMARY'
[2024-06-14 15:47:35] SQL Error: SQLSTATE[23000]: Integrity constraint violation: 1062 Duplicate entry '58759' for key 'PRIMARY'
[2024-06-14 15:47:35] SQL Error: SQLSTATE[23000]: Integrity constraint violation: 1062 Duplicate entry '473875' for key 'PRIMARY'
[2024-06-14 15:47:35] Transaction committed. Number of items inserted: 304
[2024-06-14 15:48:02] JSON file read successfully.
[2024-06-14 15:48:02] JSON data decoded successfully.
[2024-06-14 15:48:02] Data filtered. Number of items: 391
[2024-06-14 15:48:02] Database statement prepared.
[2024-06-14 15:48:02] Transaction started.
[2024-06-14 15:48:02] SQL Error: SQLSTATE[HY000]: General error: 1364 Field 'stopId' doesn't have a default value
[2024-06-14 15:48:02] SQL Error: SQLSTATE[HY000]: General error: 1364 Field 'stopId' doesn't have a default value
[2024-06-14 15:48:02] SQL Error: SQLSTATE[HY000]: General error: 1364 Field 'stopId' doesn't have a default value
[2024-06-14 15:48:02] SQL Error: SQLSTATE[HY000]: General error: 1364 Field 'stopId' doesn't have a default value
[2024-06-14 15:48:02] SQL Error: SQLSTATE[HY000]: General error: 1364 Field 'stopId' doesn't have a default value
[2024-06-14 15:48:02] SQL Error: SQLSTATE[HY000]: General error: 1364 Field 'stopId' doesn't have a default value
[2024-06-14 15:48:02] SQL Error: SQLSTATE[HY000]: General error: 1364 Field 'stopId' doesn't have a default value
[2024-06-14 15:48:02] SQL Error: SQLSTATE[HY000]: General error: 1364 Field 'stopId' doesn't have a default value
[2024-06-14 15:48:02] SQL Error: SQLSTATE[HY000]: General error: 1364 Field 'stopId' doesn't have a default value
[2024-06-14 15:48:02] SQL Error: SQLSTATE[HY000]: General error: 1364 Field 'stopId' doesn't have a default value
[2024-06-14 15:48:02] SQL Error: SQLSTATE[HY000]: General error: 1364 Field 'stopId' doesn't have a default value
[2024-06-14 15:48:02] SQL Error: SQLSTATE[HY000]: General error: 1364 Field 'stopId' doesn't have a default value
[2024-06-14 15:48:02] SQL Error: SQLSTATE[HY000]: General error: 1364 Field 'stopId' doesn't have a default value
[2024-06-14 15:48:02] SQL Error: SQLSTATE[HY000]: General error: 1364 Field 'stopId' doesn't have a default value
[2024-06-14 15:48:02] SQL Error: SQLSTATE[HY000]: General error: 1364 Field 'stopId' doesn't have a default value
[2024-06-14 15:48:02] SQL Error: SQLSTATE[HY000]: General error: 1364 Field 'stopId' doesn't have a default value
[2024-06-14 15:48:02] SQL Error: SQLSTATE[HY000]: General error: 1364 Field 'stopId' doesn't have a default value
[2024-06-14 15:48:02] SQL Error: SQLSTATE[HY000]: General error: 1364 Field 'stopId' doesn't have a default value
[2024-06-14 15:48:02] SQL Error: SQLSTATE[HY000]: General error: 1364 Field 'stopId' doesn't have a default value
[2024-06-14 15:48:02] SQL Error: SQLSTATE[HY000]: General error: 1364 Field 'stopId' doesn't have a default value
[2024-06-14 15:48:02] SQL Error: SQLSTATE[HY000]: General error: 1364 Field 'stopId' doesn't have a default value
[2024-06-14 15:48:02] SQL Error: SQLSTATE[HY000]: General error: 1364 Field 'stopId' doesn't have a default value
[2024-06-14 15:48:02] SQL Error: SQLSTATE[HY000]: General error: 1364 Field 'stopId' doesn't have a default value
[2024-06-14 15:48:02] SQL Error: SQLSTATE[HY000]: General error: 1364 Field 'stopId' doesn't have a default value
[2024-06-14 15:48:02] SQL Error: SQLSTATE[HY000]: General error: 1364 Field 'stopId' doesn't have a default value
[2024-06-14 15:48:02] SQL Error: SQLSTATE[HY000]: General error: 1364 Field 'stopId' doesn't have a default value
[2024-06-14 15:48:02] SQL Error: SQLSTATE[HY000]: General error: 1364 Field 'stopId' doesn't have a default value
[2024-06-14 15:48:02] SQL Error: SQLSTATE[HY000]: General error: 1364 Field 'stopId' doesn't have a default value
[2024-06-14 15:48:02] SQL Error: SQLSTATE[HY000]: General error: 1364 Field 'stopId' doesn't have a default value
[2024-06-14 15:48:02] SQL Error: SQLSTATE[HY000]: General error: 1364 Field 'stopId' doesn't have a default value
[2024-06-14 15:48:02] SQL Error: SQLSTATE[HY000]: General error: 1364 Field 'stopId' doesn't have a default value
[2024-06-14 15:48:02] SQL Error: SQLSTATE[HY000]: General error: 1364 Field 'stopId' doesn't have a default value
[2024-06-14 15:48:02] SQL Error: SQLSTATE[HY000]: General error: 1364 Field 'stopId' doesn't have a default value
[2024-06-14 15:48:02] SQL Error: SQLSTATE[HY000]: General error: 1364 Field 'stopId' doesn't have a default value
[2024-06-14 15:48:02] SQL Error: SQLSTATE[HY000]: General error: 1364 Field 'stopId' doesn't have a default value
[2024-06-14 15:48:02] SQL Error: SQLSTATE[HY000]: General error: 1364 Field 'stopId' doesn't have a default value
[2024-06-14 15:48:02] SQL Error: SQLSTATE[HY000]: General error: 1364 Field 'stopId' doesn't have a default value
[2024-06-14 15:48:02] SQL Error: SQLSTATE[HY000]: General error: 1364 Field 'stopId' doesn't have a default value
[2024-06-14 15:48:02] SQL Error: SQLSTATE[HY000]: General error: 1364 Field 'stopId' doesn't have a default value
[2024-06-14 15:48:02] SQL Error: SQLSTATE[HY000]: General error: 1364 Field 'stopId' doesn't have a default value
[2024-06-14 15:48:02] SQL Error: SQLSTATE[HY000]: General error: 1364 Field 'stopId' doesn't have a default value
[2024-06-14 15:48:02] SQL Error: SQLSTATE[HY000]: General error: 1364 Field 'stopId' doesn't have a default value
[2024-06-14 15:48:02] SQL Error: SQLSTATE[HY000]: General error: 1364 Field 'stopId' doesn't have a default value
[2024-06-14 15:48:02] SQL Error: SQLSTATE[HY000]: General error: 1364 Field 'stopId' doesn't have a default value
[2024-06-14 15:48:02] SQL Error: SQLSTATE[HY000]: General error: 1364 Field 'stopId' doesn't have a default value
[2024-06-14 15:48:02] SQL Error: SQLSTATE[HY000]: General error: 1364 Field 'stopId' doesn't have a default value
[2024-06-14 15:48:02] SQL Error: SQLSTATE[HY000]: General error: 1364 Field 'stopId' doesn't have a default value
[2024-06-14 15:48:02] SQL Error: SQLSTATE[HY000]: General error: 1364 Field 'stopId' doesn't have a default value
[2024-06-14 15:48:02] SQL Error: SQLSTATE[HY000]: General error: 1364 Field 'stopId' doesn't have a default value
[2024-06-14 15:48:02] SQL Error: SQLSTATE[HY000]: General error: 1364 Field 'stopId' doesn't have a default value
[2024-06-14 15:48:02] SQL Error: SQLSTATE[HY000]: General error: 1364 Field 'stopId' doesn't have a default value
[2024-06-14 15:48:02] SQL Error: SQLSTATE[HY000]: General error: 1364 Field 'stopId' doesn't have a default value
[2024-06-14 15:48:02] SQL Error: SQLSTATE[HY000]: General error: 1364 Field 'stopId' doesn't have a default value
[2024-06-14 15:48:02] SQL Error: SQLSTATE[HY000]: General error: 1364 Field 'stopId' doesn't have a default value
[2024-06-14 15:48:02] SQL Error: SQLSTATE[HY000]: General error: 1364 Field 'stopId' doesn't have a default value
[2024-06-14 15:48:02] SQL Error: SQLSTATE[HY000]: General error: 1364 Field 'stopId' doesn't have a default value
[2024-06-14 15:48:02] SQL Error: SQLSTATE[HY000]: General error: 1364 Field 'stopId' doesn't have a default value
[2024-06-14 15:48:02] SQL Error: SQLSTATE[HY000]: General error: 1364 Field 'stopId' doesn't have a default value
[2024-06-14 15:48:02] SQL Error: SQLSTATE[HY000]: General error: 1364 Field 'stopId' doesn't have a default value
[2024-06-14 15:48:02] SQL Error: SQLSTATE[HY000]: General error: 1364 Field 'stopId' doesn't have a default value
[2024-06-14 15:48:02] SQL Error: SQLSTATE[HY000]: General error: 1364 Field 'stopId' doesn't have a default value
[2024-06-14 15:48:02] SQL Error: SQLSTATE[HY000]: General error: 1364 Field 'stopId' doesn't have a default value
[2024-06-14 15:48:02] SQL Error: SQLSTATE[HY000]: General error: 1364 Field 'stopId' doesn't have a default value
[2024-06-14 15:48:02] SQL Error: SQLSTATE[HY000]: General error: 1364 Field 'stopId' doesn't have a default value
[2024-06-14 15:48:02] SQL Error: SQLSTATE[HY000]: General error: 1364 Field 'stopId' doesn't have a default value
[2024-06-14 15:48:02] SQL Error: SQLSTATE[HY000]: General error: 1364 Field 'stopId' doesn't have a default value
[2024-06-14 15:48:02] SQL Error: SQLSTATE[HY000]: General error: 1364 Field 'stopId' doesn't have a default value
[2024-06-14 15:48:02] SQL Error: SQLSTATE[HY000]: General error: 1364 Field 'stopId' doesn't have a default value
[2024-06-14 15:48:02] SQL Error: SQLSTATE[HY000]: General error: 1364 Field 'stopId' doesn't have a default value
[2024-06-14 15:48:02] SQL Error: SQLSTATE[HY000]: General error: 1364 Field 'stopId' doesn't have a default value
[2024-06-14 15:48:02] SQL Error: SQLSTATE[HY000]: General error: 1364 Field 'stopId' doesn't have a default value
[2024-06-14 15:48:02] SQL Error: SQLSTATE[HY000]: General error: 1364 Field 'stopId' doesn't have a default value
[2024-06-14 15:48:02] SQL Error: SQLSTATE[HY000]: General error: 1364 Field 'stopId' doesn't have a default value
[2024-06-14 15:48:02] SQL Error: SQLSTATE[HY000]: General error: 1364 Field 'stopId' doesn't have a default value
[2024-06-14 15:48:02] SQL Error: SQLSTATE[HY000]: General error: 1364 Field 'stopId' doesn't have a default value
[2024-06-14 15:48:02] SQL Error: SQLSTATE[HY000]: General error: 1364 Field 'stopId' doesn't have a default value
[2024-06-14 15:48:02] SQL Error: SQLSTATE[HY000]: General error: 1364 Field 'stopId' doesn't have a default value
[2024-06-14 15:48:02] SQL Error: SQLSTATE[HY000]: General error: 1364 Field 'stopId' doesn't have a default value
[2024-06-14 15:48:02] SQL Error: SQLSTATE[HY000]: General error: 1364 Field 'stopId' doesn't have a default value
[2024-06-14 15:48:02] SQL Error: SQLSTATE[HY000]: General error: 1364 Field 'stopId' doesn't have a default value
[2024-06-14 15:48:02] SQL Error: SQLSTATE[HY000]: General error: 1364 Field 'stopId' doesn't have a default value
[2024-06-14 15:48:02] SQL Error: SQLSTATE[HY000]: General error: 1364 Field 'stopId' doesn't have a default value
[2024-06-14 15:48:02] SQL Error: SQLSTATE[HY000]: General error: 1364 Field 'stopId' doesn't have a default value
[2024-06-14 15:48:02] SQL Error: SQLSTATE[HY000]: General error: 1364 Field 'stopId' doesn't have a default value
[2024-06-14 15:48:02] SQL Error: SQLSTATE[HY000]: General error: 1364 Field 'stopId' doesn't have a default value
[2024-06-14 15:48:02] SQL Error: SQLSTATE[HY000]: General error: 1364 Field 'stopId' doesn't have a default value
[2024-06-14 15:48:02] SQL Error: SQLSTATE[HY000]: General error: 1364 Field 'stopId' doesn't have a default value
[2024-06-14 15:48:02] SQL Error: SQLSTATE[HY000]: General error: 1364 Field 'stopId' doesn't have a default value
[2024-06-14 15:48:02] SQL Error: SQLSTATE[HY000]: General error: 1364 Field 'stopId' doesn't have a default value
[2024-06-14 15:48:02] SQL Error: SQLSTATE[HY000]: General error: 1364 Field 'stopId' doesn't have a default value
[2024-06-14 15:48:02] SQL Error: SQLSTATE[HY000]: General error: 1364 Field 'stopId' doesn't have a default value
[2024-06-14 15:48:02] SQL Error: SQLSTATE[HY000]: General error: 1364 Field 'stopId' doesn't have a default value
[2024-06-14 15:48:02] SQL Error: SQLSTATE[HY000]: General error: 1364 Field 'stopId' doesn't have a default value
[2024-06-14 15:48:02] SQL Error: SQLSTATE[HY000]: General error: 1364 Field 'stopId' doesn't have a default value
[2024-06-14 15:48:02] SQL Error: SQLSTATE[HY000]: General error: 1364 Field 'stopId' doesn't have a default value
[2024-06-14 15:48:02] SQL Error: SQLSTATE[HY000]: General error: 1364 Field 'stopId' doesn't have a default value
[2024-06-14 15:48:02] SQL Error: SQLSTATE[HY000]: General error: 1364 Field 'stopId' doesn't have a default value
[2024-06-14 15:48:02] SQL Error: SQLSTATE[HY000]: General error: 1364 Field 'stopId' doesn't have a default value
[2024-06-14 15:48:02] SQL Error: SQLSTATE[HY000]: General error: 1364 Field 'stopId' doesn't have a default value
[2024-06-14 15:48:02] SQL Error: SQLSTATE[HY000]: General error: 1364 Field 'stopId' doesn't have a default value
[2024-06-14 15:48:02] SQL Error: SQLSTATE[HY000]: General error: 1364 Field 'stopId' doesn't have a default value
[2024-06-14 15:48:02] SQL Error: SQLSTATE[HY000]: General error: 1364 Field 'stopId' doesn't have a default value
[2024-06-14 15:48:02] SQL Error: SQLSTATE[HY000]: General error: 1364 Field 'stopId' doesn't have a default value
[2024-06-14 15:48:02] SQL Error: SQLSTATE[HY000]: General error: 1364 Field 'stopId' doesn't have a default value
[2024-06-14 15:48:02] SQL Error: SQLSTATE[HY000]: General error: 1364 Field 'stopId' doesn't have a default value
[2024-06-14 15:48:02] SQL Error: SQLSTATE[HY000]: General error: 1364 Field 'stopId' doesn't have a default value
[2024-06-14 15:48:02] SQL Error: SQLSTATE[HY000]: General error: 1364 Field 'stopId' doesn't have a default value
[2024-06-14 15:48:02] SQL Error: SQLSTATE[HY000]: General error: 1364 Field 'stopId' doesn't have a default value
[2024-06-14 15:48:02] SQL Error: SQLSTATE[HY000]: General error: 1364 Field 'stopId' doesn't have a default value
[2024-06-14 15:48:02] SQL Error: SQLSTATE[HY000]: General error: 1364 Field 'stopId' doesn't have a default value
[2024-06-14 15:48:02] SQL Error: SQLSTATE[HY000]: General error: 1364 Field 'stopId' doesn't have a default value
[2024-06-14 15:48:02] SQL Error: SQLSTATE[HY000]: General error: 1364 Field 'stopId' doesn't have a default value
[2024-06-14 15:48:02] SQL Error: SQLSTATE[HY000]: General error: 1364 Field 'stopId' doesn't have a default value
[2024-06-14 15:48:02] SQL Error: SQLSTATE[HY000]: General error: 1364 Field 'stopId' doesn't have a default value
[2024-06-14 15:48:02] SQL Error: SQLSTATE[HY000]: General error: 1364 Field 'stopId' doesn't have a default value
[2024-06-14 15:48:02] SQL Error: SQLSTATE[HY000]: General error: 1364 Field 'stopId' doesn't have a default value
[2024-06-14 15:48:02] SQL Error: SQLSTATE[HY000]: General error: 1364 Field 'stopId' doesn't have a default value
[2024-06-14 15:48:02] SQL Error: SQLSTATE[HY000]: General error: 1364 Field 'stopId' doesn't have a default value
[2024-06-14 15:48:02] SQL Error: SQLSTATE[HY000]: General error: 1364 Field 'stopId' doesn't have a default value
[2024-06-14 15:48:02] SQL Error: SQLSTATE[HY000]: General error: 1364 Field 'stopId' doesn't have a default value
[2024-06-14 15:48:02] SQL Error: SQLSTATE[HY000]: General error: 1364 Field 'stopId' doesn't have a default value
[2024-06-14 15:48:02] SQL Error: SQLSTATE[HY000]: General error: 1364 Field 'stopId' doesn't have a default value
[2024-06-14 15:48:02] SQL Error: SQLSTATE[HY000]: General error: 1364 Field 'stopId' doesn't have a default value
[2024-06-14 15:48:02] SQL Error: SQLSTATE[HY000]: General error: 1364 Field 'stopId' doesn't have a default value
[2024-06-14 15:48:02] SQL Error: SQLSTATE[HY000]: General error: 1364 Field 'stopId' doesn't have a default value
[2024-06-14 15:48:02] SQL Error: SQLSTATE[HY000]: General error: 1364 Field 'stopId' doesn't have a default value
[2024-06-14 15:48:02] SQL Error: SQLSTATE[HY000]: General error: 1364 Field 'stopId' doesn't have a default value
[2024-06-14 15:48:02] SQL Error: SQLSTATE[HY000]: General error: 1364 Field 'stopId' doesn't have a default value
[2024-06-14 15:48:02] SQL Error: SQLSTATE[HY000]: General error: 1364 Field 'stopId' doesn't have a default value
[2024-06-14 15:48:02] SQL Error: SQLSTATE[HY000]: General error: 1364 Field 'stopId' doesn't have a default value
[2024-06-14 15:48:02] SQL Error: SQLSTATE[HY000]: General error: 1364 Field 'stopId' doesn't have a default value
[2024-06-14 15:48:02] SQL Error: SQLSTATE[HY000]: General error: 1364 Field 'stopId' doesn't have a default value
[2024-06-14 15:48:02] SQL Error: SQLSTATE[HY000]: General error: 1364 Field 'stopId' doesn't have a default value
[2024-06-14 15:48:02] SQL Error: SQLSTATE[HY000]: General error: 1364 Field 'stopId' doesn't have a default value
[2024-06-14 15:48:02] SQL Error: SQLSTATE[HY000]: General error: 1364 Field 'stopId' doesn't have a default value
[2024-06-14 15:48:02] SQL Error: SQLSTATE[HY000]: General error: 1364 Field 'stopId' doesn't have a default value
[2024-06-14 15:48:02] SQL Error: SQLSTATE[HY000]: General error: 1364 Field 'stopId' doesn't have a default value
[2024-06-14 15:48:02] SQL Error: SQLSTATE[HY000]: General error: 1364 Field 'stopId' doesn't have a default value
[2024-06-14 15:48:02] SQL Error: SQLSTATE[HY000]: General error: 1364 Field 'stopId' doesn't have a default value
[2024-06-14 15:48:02] SQL Error: SQLSTATE[HY000]: General error: 1364 Field 'stopId' doesn't have a default value
[2024-06-14 15:48:02] SQL Error: SQLSTATE[HY000]: General error: 1364 Field 'stopId' doesn't have a default value
[2024-06-14 15:48:02] SQL Error: SQLSTATE[HY000]: General error: 1364 Field 'stopId' doesn't have a default value
[2024-06-14 15:48:02] SQL Error: SQLSTATE[HY000]: General error: 1364 Field 'stopId' doesn't have a default value
[2024-06-14 15:48:02] SQL Error: SQLSTATE[HY000]: General error: 1364 Field 'stopId' doesn't have a default value
[2024-06-14 15:48:02] SQL Error: SQLSTATE[HY000]: General error: 1364 Field 'stopId' doesn't have a default value
[2024-06-14 15:48:02] SQL Error: SQLSTATE[HY000]: General error: 1364 Field 'stopId' doesn't have a default value
[2024-06-14 15:48:02] SQL Error: SQLSTATE[HY000]: General error: 1364 Field 'stopId' doesn't have a default value
[2024-06-14 15:48:02] SQL Error: SQLSTATE[HY000]: General error: 1364 Field 'stopId' doesn't have a default value
[2024-06-14 15:48:02] SQL Error: SQLSTATE[HY000]: General error: 1364 Field 'stopId' doesn't have a default value
[2024-06-14 15:48:02] SQL Error: SQLSTATE[HY000]: General error: 1364 Field 'stopId' doesn't have a default value
[2024-06-14 15:48:02] SQL Error: SQLSTATE[HY000]: General error: 1364 Field 'stopId' doesn't have a default value
[2024-06-14 15:48:02] SQL Error: SQLSTATE[HY000]: General error: 1364 Field 'stopId' doesn't have a default value
[2024-06-14 15:48:02] SQL Error: SQLSTATE[HY000]: General error: 1364 Field 'stopId' doesn't have a default value
[2024-06-14 15:48:02] SQL Error: SQLSTATE[HY000]: General error: 1364 Field 'stopId' doesn't have a default value
[2024-06-14 15:48:02] SQL Error: SQLSTATE[HY000]: General error: 1364 Field 'stopId' doesn't have a default value
[2024-06-14 15:48:02] SQL Error: SQLSTATE[HY000]: General error: 1364 Field 'stopId' doesn't have a default value
[2024-06-14 15:48:02] SQL Error: SQLSTATE[HY000]: General error: 1364 Field 'stopId' doesn't have a default value
[2024-06-14 15:48:02] SQL Error: SQLSTATE[HY000]: General error: 1364 Field 'stopId' doesn't have a default value
[2024-06-14 15:48:02] SQL Error: SQLSTATE[HY000]: General error: 1364 Field 'stopId' doesn't have a default value
[2024-06-14 15:48:02] SQL Error: SQLSTATE[HY000]: General error: 1364 Field 'stopId' doesn't have a default value
[2024-06-14 15:48:02] SQL Error: SQLSTATE[HY000]: General error: 1364 Field 'stopId' doesn't have a default value
[2024-06-14 15:48:02] SQL Error: SQLSTATE[HY000]: General error: 1364 Field 'stopId' doesn't have a default value
[2024-06-14 15:48:02] SQL Error: SQLSTATE[HY000]: General error: 1364 Field 'stopId' doesn't have a default value
[2024-06-14 15:48:02] SQL Error: SQLSTATE[HY000]: General error: 1364 Field 'stopId' doesn't have a default value
[2024-06-14 15:48:02] SQL Error: SQLSTATE[HY000]: General error: 1364 Field 'stopId' doesn't have a default value
[2024-06-14 15:48:02] SQL Error: SQLSTATE[HY000]: General error: 1364 Field 'stopId' doesn't have a default value
[2024-06-14 15:48:02] SQL Error: SQLSTATE[HY000]: General error: 1364 Field 'stopId' doesn't have a default value
[2024-06-14 15:48:02] SQL Error: SQLSTATE[HY000]: General error: 1364 Field 'stopId' doesn't have a default value
[2024-06-14 15:48:02] SQL Error: SQLSTATE[HY000]: General error: 1364 Field 'stopId' doesn't have a default value
[2024-06-14 15:48:02] SQL Error: SQLSTATE[HY000]: General error: 1364 Field 'stopId' doesn't have a default value
[2024-06-14 15:48:02] SQL Error: SQLSTATE[HY000]: General error: 1364 Field 'stopId' doesn't have a default value
[2024-06-14 15:48:03] SQL Error: SQLSTATE[HY000]: General error: 1364 Field 'stopId' doesn't have a default value
[2024-06-14 15:48:03] SQL Error: SQLSTATE[HY000]: General error: 1364 Field 'stopId' doesn't have a default value
[2024-06-14 15:48:03] SQL Error: SQLSTATE[HY000]: General error: 1364 Field 'stopId' doesn't have a default value
[2024-06-14 15:48:03] SQL Error: SQLSTATE[HY000]: General error: 1364 Field 'stopId' doesn't have a default value
[2024-06-14 15:48:03] SQL Error: SQLSTATE[HY000]: General error: 1364 Field 'stopId' doesn't have a default value
[2024-06-14 15:48:03] SQL Error: SQLSTATE[HY000]: General error: 1364 Field 'stopId' doesn't have a default value
[2024-06-14 15:48:03] SQL Error: SQLSTATE[HY000]: General error: 1364 Field 'stopId' doesn't have a default value
[2024-06-14 15:48:03] SQL Error: SQLSTATE[HY000]: General error: 1364 Field 'stopId' doesn't have a default value
[2024-06-14 15:48:03] SQL Error: SQLSTATE[HY000]: General error: 1364 Field 'stopId' doesn't have a default value
[2024-06-14 15:48:03] SQL Error: SQLSTATE[HY000]: General error: 1364 Field 'stopId' doesn't have a default value
[2024-06-14 15:48:03] SQL Error: SQLSTATE[HY000]: General error: 1364 Field 'stopId' doesn't have a default value
[2024-06-14 15:48:03] SQL Error: SQLSTATE[HY000]: General error: 1364 Field 'stopId' doesn't have a default value
[2024-06-14 15:48:03] SQL Error: SQLSTATE[HY000]: General error: 1364 Field 'stopId' doesn't have a default value
[2024-06-14 15:48:03] SQL Error: SQLSTATE[HY000]: General error: 1364 Field 'stopId' doesn't have a default value
[2024-06-14 15:48:03] SQL Error: SQLSTATE[HY000]: General error: 1364 Field 'stopId' doesn't have a default value
[2024-06-14 15:48:03] SQL Error: SQLSTATE[HY000]: General error: 1364 Field 'stopId' doesn't have a default value
[2024-06-14 15:48:03] SQL Error: SQLSTATE[HY000]: General error: 1364 Field 'stopId' doesn't have a default value
[2024-06-14 15:48:03] SQL Error: SQLSTATE[HY000]: General error: 1364 Field 'stopId' doesn't have a default value
[2024-06-14 15:48:03] SQL Error: SQLSTATE[HY000]: General error: 1364 Field 'stopId' doesn't have a default value
[2024-06-14 15:48:03] SQL Error: SQLSTATE[HY000]: General error: 1364 Field 'stopId' doesn't have a default value
[2024-06-14 15:48:03] SQL Error: SQLSTATE[HY000]: General error: 1364 Field 'stopId' doesn't have a default value
[2024-06-14 15:48:03] SQL Error: SQLSTATE[HY000]: General error: 1364 Field 'stopId' doesn't have a default value
[2024-06-14 15:48:03] SQL Error: SQLSTATE[HY000]: General error: 1364 Field 'stopId' doesn't have a default value
[2024-06-14 15:48:03] SQL Error: SQLSTATE[HY000]: General error: 1364 Field 'stopId' doesn't have a default value
[2024-06-14 15:48:03] SQL Error: SQLSTATE[HY000]: General error: 1364 Field 'stopId' doesn't have a default value
[2024-06-14 15:48:03] SQL Error: SQLSTATE[HY000]: General error: 1364 Field 'stopId' doesn't have a default value
[2024-06-14 15:48:03] SQL Error: SQLSTATE[HY000]: General error: 1364 Field 'stopId' doesn't have a default value
[2024-06-14 15:48:03] SQL Error: SQLSTATE[HY000]: General error: 1364 Field 'stopId' doesn't have a default value
[2024-06-14 15:48:03] SQL Error: SQLSTATE[HY000]: General error: 1364 Field 'stopId' doesn't have a default value
[2024-06-14 15:48:03] SQL Error: SQLSTATE[HY000]: General error: 1364 Field 'stopId' doesn't have a default value
[2024-06-14 15:48:03] SQL Error: SQLSTATE[HY000]: General error: 1364 Field 'stopId' doesn't have a default value
[2024-06-14 15:48:03] SQL Error: SQLSTATE[HY000]: General error: 1364 Field 'stopId' doesn't have a default value
[2024-06-14 15:48:03] SQL Error: SQLSTATE[HY000]: General error: 1364 Field 'stopId' doesn't have a default value
[2024-06-14 15:48:03] SQL Error: SQLSTATE[HY000]: General error: 1364 Field 'stopId' doesn't have a default value
[2024-06-14 15:48:03] SQL Error: SQLSTATE[HY000]: General error: 1364 Field 'stopId' doesn't have a default value
[2024-06-14 15:48:03] SQL Error: SQLSTATE[HY000]: General error: 1364 Field 'stopId' doesn't have a default value
[2024-06-14 15:48:03] SQL Error: SQLSTATE[HY000]: General error: 1364 Field 'stopId' doesn't have a default value
[2024-06-14 15:48:03] SQL Error: SQLSTATE[HY000]: General error: 1364 Field 'stopId' doesn't have a default value
[2024-06-14 15:48:03] SQL Error: SQLSTATE[HY000]: General error: 1364 Field 'stopId' doesn't have a default value
[2024-06-14 15:48:03] SQL Error: SQLSTATE[HY000]: General error: 1364 Field 'stopId' doesn't have a default value
[2024-06-14 15:48:03] SQL Error: SQLSTATE[HY000]: General error: 1364 Field 'stopId' doesn't have a default value
[2024-06-14 15:48:03] SQL Error: SQLSTATE[HY000]: General error: 1364 Field 'stopId' doesn't have a default value
[2024-06-14 15:48:03] SQL Error: SQLSTATE[HY000]: General error: 1364 Field 'stopId' doesn't have a default value
[2024-06-14 15:48:03] SQL Error: SQLSTATE[HY000]: General error: 1364 Field 'stopId' doesn't have a default value
[2024-06-14 15:48:03] SQL Error: SQLSTATE[HY000]: General error: 1364 Field 'stopId' doesn't have a default value
[2024-06-14 15:48:03] SQL Error: SQLSTATE[HY000]: General error: 1364 Field 'stopId' doesn't have a default value
[2024-06-14 15:48:03] SQL Error: SQLSTATE[HY000]: General error: 1364 Field 'stopId' doesn't have a default value
[2024-06-14 15:48:03] SQL Error: SQLSTATE[HY000]: General error: 1364 Field 'stopId' doesn't have a default value
[2024-06-14 15:48:03] SQL Error: SQLSTATE[HY000]: General error: 1364 Field 'stopId' doesn't have a default value
[2024-06-14 15:48:03] SQL Error: SQLSTATE[HY000]: General error: 1364 Field 'stopId' doesn't have a default value
[2024-06-14 15:48:03] SQL Error: SQLSTATE[HY000]: General error: 1364 Field 'stopId' doesn't have a default value
[2024-06-14 15:48:03] SQL Error: SQLSTATE[HY000]: General error: 1364 Field 'stopId' doesn't have a default value
[2024-06-14 15:48:03] SQL Error: SQLSTATE[HY000]: General error: 1364 Field 'stopId' doesn't have a default value
[2024-06-14 15:48:03] SQL Error: SQLSTATE[HY000]: General error: 1364 Field 'stopId' doesn't have a default value
[2024-06-14 15:48:03] SQL Error: SQLSTATE[HY000]: General error: 1364 Field 'stopId' doesn't have a default value
[2024-06-14 15:48:03] SQL Error: SQLSTATE[HY000]: General error: 1364 Field 'stopId' doesn't have a default value
[2024-06-14 15:48:03] SQL Error: SQLSTATE[HY000]: General error: 1364 Field 'stopId' doesn't have a default value
[2024-06-14 15:48:03] SQL Error: SQLSTATE[HY000]: General error: 1364 Field 'stopId' doesn't have a default value
[2024-06-14 15:48:03] SQL Error: SQLSTATE[HY000]: General error: 1364 Field 'stopId' doesn't have a default value
[2024-06-14 15:48:03] SQL Error: SQLSTATE[HY000]: General error: 1364 Field 'stopId' doesn't have a default value
[2024-06-14 15:48:03] SQL Error: SQLSTATE[HY000]: General error: 1364 Field 'stopId' doesn't have a default value
[2024-06-14 15:48:03] SQL Error: SQLSTATE[HY000]: General error: 1364 Field 'stopId' doesn't have a default value
[2024-06-14 15:48:03] SQL Error: SQLSTATE[HY000]: General error: 1364 Field 'stopId' doesn't have a default value
[2024-06-14 15:48:03] SQL Error: SQLSTATE[HY000]: General error: 1364 Field 'stopId' doesn't have a default value
[2024-06-14 15:48:03] SQL Error: SQLSTATE[HY000]: General error: 1364 Field 'stopId' doesn't have a default value
[2024-06-14 15:48:03] SQL Error: SQLSTATE[HY000]: General error: 1364 Field 'stopId' doesn't have a default value
[2024-06-14 15:48:03] SQL Error: SQLSTATE[HY000]: General error: 1364 Field 'stopId' doesn't have a default value
[2024-06-14 15:48:03] SQL Error: SQLSTATE[HY000]: General error: 1364 Field 'stopId' doesn't have a default value
[2024-06-14 15:48:03] SQL Error: SQLSTATE[HY000]: General error: 1364 Field 'stopId' doesn't have a default value
[2024-06-14 15:48:03] SQL Error: SQLSTATE[HY000]: General error: 1364 Field 'stopId' doesn't have a default value
[2024-06-14 15:48:03] SQL Error: SQLSTATE[HY000]: General error: 1364 Field 'stopId' doesn't have a default value
[2024-06-14 15:48:03] SQL Error: SQLSTATE[HY000]: General error: 1364 Field 'stopId' doesn't have a default value
[2024-06-14 15:48:03] SQL Error: SQLSTATE[HY000]: General error: 1364 Field 'stopId' doesn't have a default value
[2024-06-14 15:48:03] SQL Error: SQLSTATE[HY000]: General error: 1364 Field 'stopId' doesn't have a default value
[2024-06-14 15:48:03] SQL Error: SQLSTATE[HY000]: General error: 1364 Field 'stopId' doesn't have a default value
[2024-06-14 15:48:03] SQL Error: SQLSTATE[HY000]: General error: 1364 Field 'stopId' doesn't have a default value
[2024-06-14 15:48:03] SQL Error: SQLSTATE[HY000]: General error: 1364 Field 'stopId' doesn't have a default value
[2024-06-14 15:48:03] SQL Error: SQLSTATE[HY000]: General error: 1364 Field 'stopId' doesn't have a default value
[2024-06-14 15:48:03] SQL Error: SQLSTATE[HY000]: General error: 1364 Field 'stopId' doesn't have a default value
[2024-06-14 15:48:03] SQL Error: SQLSTATE[HY000]: General error: 1364 Field 'stopId' doesn't have a default value
[2024-06-14 15:48:03] SQL Error: SQLSTATE[HY000]: General error: 1364 Field 'stopId' doesn't have a default value
[2024-06-14 15:48:03] SQL Error: SQLSTATE[HY000]: General error: 1364 Field 'stopId' doesn't have a default value
[2024-06-14 15:48:03] SQL Error: SQLSTATE[HY000]: General error: 1364 Field 'stopId' doesn't have a default value
[2024-06-14 15:48:03] SQL Error: SQLSTATE[HY000]: General error: 1364 Field 'stopId' doesn't have a default value
[2024-06-14 15:48:03] SQL Error: SQLSTATE[HY000]: General error: 1364 Field 'stopId' doesn't have a default value
[2024-06-14 15:48:03] SQL Error: SQLSTATE[HY000]: General error: 1364 Field 'stopId' doesn't have a default value
[2024-06-14 15:48:03] SQL Error: SQLSTATE[HY000]: General error: 1364 Field 'stopId' doesn't have a default value
[2024-06-14 15:48:03] SQL Error: SQLSTATE[HY000]: General error: 1364 Field 'stopId' doesn't have a default value
[2024-06-14 15:48:03] SQL Error: SQLSTATE[HY000]: General error: 1364 Field 'stopId' doesn't have a default value
[2024-06-14 15:48:03] SQL Error: SQLSTATE[HY000]: General error: 1364 Field 'stopId' doesn't have a default value
[2024-06-14 15:48:03] SQL Error: SQLSTATE[HY000]: General error: 1364 Field 'stopId' doesn't have a default value
[2024-06-14 15:48:03] SQL Error: SQLSTATE[HY000]: General error: 1364 Field 'stopId' doesn't have a default value
[2024-06-14 15:48:03] SQL Error: SQLSTATE[HY000]: General error: 1364 Field 'stopId' doesn't have a default value
[2024-06-14 15:48:03] SQL Error: SQLSTATE[HY000]: General error: 1364 Field 'stopId' doesn't have a default value
[2024-06-14 15:48:03] SQL Error: SQLSTATE[HY000]: General error: 1364 Field 'stopId' doesn't have a default value
[2024-06-14 15:48:03] SQL Error: SQLSTATE[HY000]: General error: 1364 Field 'stopId' doesn't have a default value
[2024-06-14 15:48:03] SQL Error: SQLSTATE[HY000]: General error: 1364 Field 'stopId' doesn't have a default value
[2024-06-14 15:48:03] SQL Error: SQLSTATE[HY000]: General error: 1364 Field 'stopId' doesn't have a default value
[2024-06-14 15:48:03] SQL Error: SQLSTATE[HY000]: General error: 1364 Field 'stopId' doesn't have a default value
[2024-06-14 15:48:03] SQL Error: SQLSTATE[HY000]: General error: 1364 Field 'stopId' doesn't have a default value
[2024-06-14 15:48:03] SQL Error: SQLSTATE[HY000]: General error: 1364 Field 'stopId' doesn't have a default value
[2024-06-14 15:48:03] SQL Error: SQLSTATE[HY000]: General error: 1364 Field 'stopId' doesn't have a default value
[2024-06-14 15:48:03] SQL Error: SQLSTATE[HY000]: General error: 1364 Field 'stopId' doesn't have a default value
[2024-06-14 15:48:03] SQL Error: SQLSTATE[HY000]: General error: 1364 Field 'stopId' doesn't have a default value
[2024-06-14 15:48:03] SQL Error: SQLSTATE[HY000]: General error: 1364 Field 'stopId' doesn't have a default value
[2024-06-14 15:48:03] SQL Error: SQLSTATE[HY000]: General error: 1364 Field 'stopId' doesn't have a default value
[2024-06-14 15:48:03] SQL Error: SQLSTATE[HY000]: General error: 1364 Field 'stopId' doesn't have a default value
[2024-06-14 15:48:03] SQL Error: SQLSTATE[HY000]: General error: 1364 Field 'stopId' doesn't have a default value
[2024-06-14 15:48:03] SQL Error: SQLSTATE[HY000]: General error: 1364 Field 'stopId' doesn't have a default value
[2024-06-14 15:48:03] SQL Error: SQLSTATE[HY000]: General error: 1364 Field 'stopId' doesn't have a default value
[2024-06-14 15:48:03] SQL Error: SQLSTATE[HY000]: General error: 1364 Field 'stopId' doesn't have a default value
[2024-06-14 15:48:03] SQL Error: SQLSTATE[HY000]: General error: 1364 Field 'stopId' doesn't have a default value
[2024-06-14 15:48:03] SQL Error: SQLSTATE[HY000]: General error: 1364 Field 'stopId' doesn't have a default value
[2024-06-14 15:48:03] SQL Error: SQLSTATE[HY000]: General error: 1364 Field 'stopId' doesn't have a default value
[2024-06-14 15:48:03] SQL Error: SQLSTATE[HY000]: General error: 1364 Field 'stopId' doesn't have a default value
[2024-06-14 15:48:03] SQL Error: SQLSTATE[HY000]: General error: 1364 Field 'stopId' doesn't have a default value
[2024-06-14 15:48:03] SQL Error: SQLSTATE[HY000]: General error: 1364 Field 'stopId' doesn't have a default value
[2024-06-14 15:48:03] SQL Error: SQLSTATE[HY000]: General error: 1364 Field 'stopId' doesn't have a default value
[2024-06-14 15:48:03] SQL Error: SQLSTATE[HY000]: General error: 1364 Field 'stopId' doesn't have a default value
[2024-06-14 15:48:03] SQL Error: SQLSTATE[HY000]: General error: 1364 Field 'stopId' doesn't have a default value
[2024-06-14 15:48:03] SQL Error: SQLSTATE[HY000]: General error: 1364 Field 'stopId' doesn't have a default value
[2024-06-14 15:48:03] SQL Error: SQLSTATE[HY000]: General error: 1364 Field 'stopId' doesn't have a default value
[2024-06-14 15:48:03] SQL Error: SQLSTATE[HY000]: General error: 1364 Field 'stopId' doesn't have a default value
[2024-06-14 15:48:03] SQL Error: SQLSTATE[HY000]: General error: 1364 Field 'stopId' doesn't have a default value
[2024-06-14 15:48:03] SQL Error: SQLSTATE[HY000]: General error: 1364 Field 'stopId' doesn't have a default value
[2024-06-14 15:48:03] SQL Error: SQLSTATE[HY000]: General error: 1364 Field 'stopId' doesn't have a default value
[2024-06-14 15:48:03] SQL Error: SQLSTATE[HY000]: General error: 1364 Field 'stopId' doesn't have a default value
[2024-06-14 15:48:03] SQL Error: SQLSTATE[HY000]: General error: 1364 Field 'stopId' doesn't have a default value
[2024-06-14 15:48:03] SQL Error: SQLSTATE[HY000]: General error: 1364 Field 'stopId' doesn't have a default value
[2024-06-14 15:48:03] SQL Error: SQLSTATE[HY000]: General error: 1364 Field 'stopId' doesn't have a default value
[2024-06-14 15:48:03] SQL Error: SQLSTATE[HY000]: General error: 1364 Field 'stopId' doesn't have a default value
[2024-06-14 15:48:03] SQL Error: SQLSTATE[HY000]: General error: 1364 Field 'stopId' doesn't have a default value
[2024-06-14 15:48:03] SQL Error: SQLSTATE[HY000]: General error: 1364 Field 'stopId' doesn't have a default value
[2024-06-14 15:48:03] SQL Error: SQLSTATE[HY000]: General error: 1364 Field 'stopId' doesn't have a default value
[2024-06-14 15:48:03] SQL Error: SQLSTATE[HY000]: General error: 1364 Field 'stopId' doesn't have a default value
[2024-06-14 15:48:03] SQL Error: SQLSTATE[HY000]: General error: 1364 Field 'stopId' doesn't have a default value
[2024-06-14 15:48:03] SQL Error: SQLSTATE[HY000]: General error: 1364 Field 'stopId' doesn't have a default value
[2024-06-14 15:48:03] SQL Error: SQLSTATE[HY000]: General error: 1364 Field 'stopId' doesn't have a default value
[2024-06-14 15:48:03] SQL Error: SQLSTATE[HY000]: General error: 1364 Field 'stopId' doesn't have a default value
[2024-06-14 15:48:03] SQL Error: SQLSTATE[HY000]: General error: 1364 Field 'stopId' doesn't have a default value
[2024-06-14 15:48:03] SQL Error: SQLSTATE[HY000]: General error: 1364 Field 'stopId' doesn't have a default value
[2024-06-14 15:48:03] SQL Error: SQLSTATE[HY000]: General error: 1364 Field 'stopId' doesn't have a default value
[2024-06-14 15:48:03] SQL Error: SQLSTATE[HY000]: General error: 1364 Field 'stopId' doesn't have a default value
[2024-06-14 15:48:03] SQL Error: SQLSTATE[HY000]: General error: 1364 Field 'stopId' doesn't have a default value
[2024-06-14 15:48:03] SQL Error: SQLSTATE[HY000]: General error: 1364 Field 'stopId' doesn't have a default value
[2024-06-14 15:48:03] SQL Error: SQLSTATE[HY000]: General error: 1364 Field 'stopId' doesn't have a default value
[2024-06-14 15:48:03] SQL Error: SQLSTATE[HY000]: General error: 1364 Field 'stopId' doesn't have a default value
[2024-06-14 15:48:03] SQL Error: SQLSTATE[HY000]: General error: 1364 Field 'stopId' doesn't have a default value
[2024-06-14 15:48:03] SQL Error: SQLSTATE[HY000]: General error: 1364 Field 'stopId' doesn't have a default value
[2024-06-14 15:48:03] SQL Error: SQLSTATE[HY000]: General error: 1364 Field 'stopId' doesn't have a default value
[2024-06-14 15:48:03] SQL Error: SQLSTATE[HY000]: General error: 1364 Field 'stopId' doesn't have a default value
[2024-06-14 15:48:03] SQL Error: SQLSTATE[HY000]: General error: 1364 Field 'stopId' doesn't have a default value
[2024-06-14 15:48:03] SQL Error: SQLSTATE[HY000]: General error: 1364 Field 'stopId' doesn't have a default value
[2024-06-14 15:48:03] SQL Error: SQLSTATE[HY000]: General error: 1364 Field 'stopId' doesn't have a default value
[2024-06-14 15:48:03] SQL Error: SQLSTATE[HY000]: General error: 1364 Field 'stopId' doesn't have a default value
[2024-06-14 15:48:03] SQL Error: SQLSTATE[HY000]: General error: 1364 Field 'stopId' doesn't have a default value
[2024-06-14 15:48:03] SQL Error: SQLSTATE[HY000]: General error: 1364 Field 'stopId' doesn't have a default value
[2024-06-14 15:48:03] SQL Error: SQLSTATE[HY000]: General error: 1364 Field 'stopId' doesn't have a default value
[2024-06-14 15:48:03] SQL Error: SQLSTATE[HY000]: General error: 1364 Field 'stopId' doesn't have a default value
[2024-06-14 15:48:03] SQL Error: SQLSTATE[HY000]: General error: 1364 Field 'stopId' doesn't have a default value
[2024-06-14 15:48:03] SQL Error: SQLSTATE[HY000]: General error: 1364 Field 'stopId' doesn't have a default value
[2024-06-14 15:48:03] SQL Error: SQLSTATE[HY000]: General error: 1364 Field 'stopId' doesn't have a default value
[2024-06-14 15:48:03] SQL Error: SQLSTATE[HY000]: General error: 1364 Field 'stopId' doesn't have a default value
[2024-06-14 15:48:03] SQL Error: SQLSTATE[HY000]: General error: 1364 Field 'stopId' doesn't have a default value
[2024-06-14 15:48:03] SQL Error: SQLSTATE[HY000]: General error: 1364 Field 'stopId' doesn't have a default value
[2024-06-14 15:48:03] SQL Error: SQLSTATE[HY000]: General error: 1364 Field 'stopId' doesn't have a default value
[2024-06-14 15:48:03] SQL Error: SQLSTATE[HY000]: General error: 1364 Field 'stopId' doesn't have a default value
[2024-06-14 15:48:03] SQL Error: SQLSTATE[HY000]: General error: 1364 Field 'stopId' doesn't have a default value
[2024-06-14 15:48:03] SQL Error: SQLSTATE[HY000]: General error: 1364 Field 'stopId' doesn't have a default value
[2024-06-14 15:48:03] SQL Error: SQLSTATE[HY000]: General error: 1364 Field 'stopId' doesn't have a default value
[2024-06-14 15:48:03] SQL Error: SQLSTATE[HY000]: General error: 1364 Field 'stopId' doesn't have a default value
[2024-06-14 15:48:03] SQL Error: SQLSTATE[HY000]: General error: 1364 Field 'stopId' doesn't have a default value
[2024-06-14 15:48:03] SQL Error: SQLSTATE[HY000]: General error: 1364 Field 'stopId' doesn't have a default value
[2024-06-14 15:48:03] SQL Error: SQLSTATE[HY000]: General error: 1364 Field 'stopId' doesn't have a default value
[2024-06-14 15:48:03] SQL Error: SQLSTATE[HY000]: General error: 1364 Field 'stopId' doesn't have a default value
[2024-06-14 15:48:03] SQL Error: SQLSTATE[HY000]: General error: 1364 Field 'stopId' doesn't have a default value
[2024-06-14 15:48:03] SQL Error: SQLSTATE[HY000]: General error: 1364 Field 'stopId' doesn't have a default value
[2024-06-14 15:48:03] SQL Error: SQLSTATE[HY000]: General error: 1364 Field 'stopId' doesn't have a default value
[2024-06-14 15:48:03] SQL Error: SQLSTATE[HY000]: General error: 1364 Field 'stopId' doesn't have a default value
[2024-06-14 15:48:03] SQL Error: SQLSTATE[HY000]: General error: 1364 Field 'stopId' doesn't have a default value
[2024-06-14 15:48:03] SQL Error: SQLSTATE[HY000]: General error: 1364 Field 'stopId' doesn't have a default value
[2024-06-14 15:48:03] SQL Error: SQLSTATE[HY000]: General error: 1364 Field 'stopId' doesn't have a default value
[2024-06-14 15:48:03] SQL Error: SQLSTATE[HY000]: General error: 1364 Field 'stopId' doesn't have a default value
[2024-06-14 15:48:03] SQL Error: SQLSTATE[HY000]: General error: 1364 Field 'stopId' doesn't have a default value
[2024-06-14 15:48:03] SQL Error: SQLSTATE[HY000]: General error: 1364 Field 'stopId' doesn't have a default value
[2024-06-14 15:48:03] SQL Error: SQLSTATE[HY000]: General error: 1364 Field 'stopId' doesn't have a default value
[2024-06-14 15:48:03] SQL Error: SQLSTATE[HY000]: General error: 1364 Field 'stopId' doesn't have a default value
[2024-06-14 15:48:03] SQL Error: SQLSTATE[HY000]: General error: 1364 Field 'stopId' doesn't have a default value
[2024-06-14 15:48:03] SQL Error: SQLSTATE[HY000]: General error: 1364 Field 'stopId' doesn't have a default value
[2024-06-14 15:48:03] SQL Error: SQLSTATE[HY000]: General error: 1364 Field 'stopId' doesn't have a default value
[2024-06-14 15:48:03] SQL Error: SQLSTATE[HY000]: General error: 1364 Field 'stopId' doesn't have a default value
[2024-06-14 15:48:03] SQL Error: SQLSTATE[HY000]: General error: 1364 Field 'stopId' doesn't have a default value
[2024-06-14 15:48:03] SQL Error: SQLSTATE[HY000]: General error: 1364 Field 'stopId' doesn't have a default value
[2024-06-14 15:48:03] SQL Error: SQLSTATE[HY000]: General error: 1364 Field 'stopId' doesn't have a default value
[2024-06-14 15:48:03] SQL Error: SQLSTATE[HY000]: General error: 1364 Field 'stopId' doesn't have a default value
[2024-06-14 15:48:03] SQL Error: SQLSTATE[HY000]: General error: 1364 Field 'stopId' doesn't have a default value
[2024-06-14 15:48:03] SQL Error: SQLSTATE[HY000]: General error: 1364 Field 'stopId' doesn't have a default value
[2024-06-14 15:48:03] SQL Error: SQLSTATE[HY000]: General error: 1364 Field 'stopId' doesn't have a default value
[2024-06-14 15:48:03] SQL Error: SQLSTATE[HY000]: General error: 1364 Field 'stopId' doesn't have a default value
[2024-06-14 15:48:03] SQL Error: SQLSTATE[HY000]: General error: 1364 Field 'stopId' doesn't have a default value
[2024-06-14 15:48:03] SQL Error: SQLSTATE[HY000]: General error: 1364 Field 'stopId' doesn't have a default value
[2024-06-14 15:48:03] SQL Error: SQLSTATE[HY000]: General error: 1364 Field 'stopId' doesn't have a default value
[2024-06-14 15:48:03] SQL Error: SQLSTATE[HY000]: General error: 1364 Field 'stopId' doesn't have a default value
[2024-06-14 15:48:03] SQL Error: SQLSTATE[HY000]: General error: 1364 Field 'stopId' doesn't have a default value
[2024-06-14 15:48:03] SQL Error: SQLSTATE[HY000]: General error: 1364 Field 'stopId' doesn't have a default value
[2024-06-14 15:48:03] SQL Error: SQLSTATE[HY000]: General error: 1364 Field 'stopId' doesn't have a default value
[2024-06-14 15:48:03] SQL Error: SQLSTATE[HY000]: General error: 1364 Field 'stopId' doesn't have a default value
[2024-06-14 15:48:03] SQL Error: SQLSTATE[HY000]: General error: 1364 Field 'stopId' doesn't have a default value
[2024-06-14 15:48:03] SQL Error: SQLSTATE[HY000]: General error: 1364 Field 'stopId' doesn't have a default value
[2024-06-14 15:48:03] SQL Error: SQLSTATE[HY000]: General error: 1364 Field 'stopId' doesn't have a default value
[2024-06-14 15:48:03] SQL Error: SQLSTATE[HY000]: General error: 1364 Field 'stopId' doesn't have a default value
[2024-06-14 15:48:03] SQL Error: SQLSTATE[HY000]: General error: 1364 Field 'stopId' doesn't have a default value
[2024-06-14 15:48:03] SQL Error: SQLSTATE[HY000]: General error: 1364 Field 'stopId' doesn't have a default value
[2024-06-14 15:48:03] SQL Error: SQLSTATE[HY000]: General error: 1364 Field 'stopId' doesn't have a default value
[2024-06-14 15:48:03] SQL Error: SQLSTATE[HY000]: General error: 1364 Field 'stopId' doesn't have a default value
[2024-06-14 15:48:03] SQL Error: SQLSTATE[HY000]: General error: 1364 Field 'stopId' doesn't have a default value
[2024-06-14 15:48:03] SQL Error: SQLSTATE[HY000]: General error: 1364 Field 'stopId' doesn't have a default value
[2024-06-14 15:48:03] SQL Error: SQLSTATE[HY000]: General error: 1364 Field 'stopId' doesn't have a default value
[2024-06-14 15:48:03] SQL Error: SQLSTATE[HY000]: General error: 1364 Field 'stopId' doesn't have a default value
[2024-06-14 15:48:03] SQL Error: SQLSTATE[HY000]: General error: 1364 Field 'stopId' doesn't have a default value
[2024-06-14 15:48:03] Transaction committed. Number of items inserted: 0
[2024-06-14 15:49:00] JSON file read successfully.
[2024-06-14 15:49:00] JSON data decoded successfully.
[2024-06-14 15:49:00] Data filtered. Number of items: 391
[2024-06-14 15:49:00] Database statement prepared.
[2024-06-14 15:49:00] Transaction started.
[2024-06-14 15:49:00] SQL Error: SQLSTATE[01000]: Warning: 1265 Data truncated for column 'lineId' at row 1
[2024-06-14 15:49:00] SQL Error: SQLSTATE[01000]: Warning: 1265 Data truncated for column 'lineId' at row 1
[2024-06-14 15:49:00] SQL Error: SQLSTATE[01000]: Warning: 1265 Data truncated for column 'lineId' at row 1
[2024-06-14 15:49:00] SQL Error: SQLSTATE[01000]: Warning: 1265 Data truncated for column 'lineId' at row 1
[2024-06-14 15:49:00] SQL Error: SQLSTATE[01000]: Warning: 1265 Data truncated for column 'lineId' at row 1
[2024-06-14 15:49:00] SQL Error: SQLSTATE[01000]: Warning: 1265 Data truncated for column 'lineId' at row 1
[2024-06-14 15:49:00] SQL Error: SQLSTATE[01000]: Warning: 1265 Data truncated for column 'lineId' at row 1
[2024-06-14 15:49:00] SQL Error: SQLSTATE[01000]: Warning: 1265 Data truncated for column 'lineId' at row 1
[2024-06-14 15:49:00] SQL Error: SQLSTATE[01000]: Warning: 1265 Data truncated for column 'lineId' at row 1
[2024-06-14 15:49:00] SQL Error: SQLSTATE[01000]: Warning: 1265 Data truncated for column 'lineId' at row 1
[2024-06-14 15:49:00] SQL Error: SQLSTATE[01000]: Warning: 1265 Data truncated for column 'lineId' at row 1
[2024-06-14 15:49:00] SQL Error: SQLSTATE[01000]: Warning: 1265 Data truncated for column 'lineId' at row 1
[2024-06-14 15:49:00] Transaction committed. Number of items inserted: 379
